app/build/intermediates/manifest_merge_blame_file/debug/manifest-merger-blame-debug-report.txt
1<?xml version="1.0" encoding="utf-8"?>
2<manifest xmlns:android="http://schemas.android.com/apk/res/android"
3    package="com.example.listdemo"
4    android:versionCode="1"
5    android:versionName="1.0" >
6
7    <uses-sdk
8        android:minSdkVersion="14"
8-->src\main\AndroidManifest.xml
9        android:targetSdkVersion="29" />
9-->src\main\AndroidManifest.xml
10
11    <uses-permission android:name="android.permission.INTERNET" />
11-->src\main\AndroidManifest.xml:5:5-67
11-->src\main\AndroidManifest.xml:5:22-64
12
13    <application
13-->src\main\AndroidManifest.xml:7:5-23:19
14        android:allowBackup="true"
14-->src\main\AndroidManifest.xml:8:9-35
15        android:appComponentFactory="androidx.core.app.CoreComponentFactory"
15-->[androidx.core:core:1.1.0] AndroidManifest.xml:24:18-86
16        android:debuggable="true"
17        android:icon="@mipmap/ic_launcher"
17-->src\main\AndroidManifest.xml:9:9-43
18        android:label="@string/app_name"
18-->src\main\AndroidManifest.xml:10:9-41
19        android:roundIcon="@mipmap/ic_launcher_round"
19-->src\main\AndroidManifest.xml:11:9-54
20        android:supportsRtl="true"
20-->src\main\AndroidManifest.xml:12:9-35
21        android:testOnly="true"
22        android:theme="@style/AppTheme"
22-->src\main\AndroidManifest.xml:13:9-40
23        android:usesCleartextTraffic="true" >
23-->src\main\AndroidManifest.xml:14:9-44
24        <activity android:name="com.example.listdemo.activities.DetailActivity" />
24-->src\main\AndroidManifest.xml:15:9-62
24-->src\main\AndroidManifest.xml:15:19-60
25        <activity android:name="com.example.listdemo.activities.MainActivity" >
25-->src\main\AndroidManifest.xml:16:9-22:20
25-->src\main\AndroidManifest.xml:16:19-58
26            <intent-filter>
26-->src\main\AndroidManifest.xml:17:13-21:29
27                <action android:name="android.intent.action.MAIN" />
27-->src\main\AndroidManifest.xml:18:17-69
27-->src\main\AndroidManifest.xml:18:25-66
28
29                <category android:name="android.intent.category.LAUNCHER" />
29-->src\main\AndroidManifest.xml:20:17-77
29-->src\main\AndroidManifest.xml:20:27-74
30            </intent-filter>
31        </activity>
32
33        <meta-data
33-->[com.github.bumptech.glide:okhttp3-integration:4.10.0] AndroidManifest.xml:11:9-13:43
34            android:name="com.bumptech.glide.integration.okhttp3.OkHttpGlideModule"
34-->[com.github.bumptech.glide:okhttp3-integration:4.10.0] AndroidManifest.xml:12:13-84
35            android:value="GlideModule" />
35-->[com.github.bumptech.glide:okhttp3-integration:4.10.0] AndroidManifest.xml:13:13-40
36
37        <service
37-->[androidx.room:room-runtime:2.2.0] AndroidManifest.xml:25:9-27:40
38            android:name="androidx.room.MultiInstanceInvalidationService"
38-->[androidx.room:room-runtime:2.2.0] AndroidManifest.xml:26:13-74
39            android:exported="false" />
39-->[androidx.room:room-runtime:2.2.0] AndroidManifest.xml:27:13-37
40
41        <provider
41-->[androidx.lifecycle:lifecycle-process:2.1.0] AndroidManifest.xml:23:9-27:43
42            android:name="androidx.lifecycle.ProcessLifecycleOwnerInitializer"
42-->[androidx.lifecycle:lifecycle-process:2.1.0] AndroidManifest.xml:24:13-79
43            android:authorities="com.example.listdemo.lifecycle-process"
43-->[androidx.lifecycle:lifecycle-process:2.1.0] AndroidManifest.xml:25:13-69
44            android:exported="false"
44-->[androidx.lifecycle:lifecycle-process:2.1.0] AndroidManifest.xml:26:13-37
45            android:multiprocess="true" />
45-->[androidx.lifecycle:lifecycle-process:2.1.0] AndroidManifest.xml:27:13-40
46    </application>
47
48</manifest>